321
/home/batma/Music/Le Monde.mp3
/home/batma/Music/credits song for my death.mp3
/home/batma/Music/RADWIMPS - Hyperventilation.mp3
/home/batma/Music/Artemas - i like the way you kiss me.mp3
/home/batma/Music/Nothing But Thieves - If I Were You.mp3
/home/batma/Music/You and Me.mp3
/home/batma/Music/New Girl.mp3
/home/batma/Music/austenyo - Garden.mp3
/home/batma/Music/Self-.mp3
/home/batma/Music/Don’t Stop Me Now.mp3
/home/batma/Music/Top Bunk - I Don't Wanna Dance.mp3
/home/batma/Music/End of It.mp3
/home/batma/Music/Sugar.mp3
/home/batma/Music/The Happy Fits - Dirty Imbecile.mp3
/home/batma/Music/Emperor X - 10,000-Year Earworm to Discourage Resettlement Near Nuclear Waste Repositories (Don't Change Color, Kitty).mp3
/home/batma/Music/Mona Lisa.mp3
/home/batma/Music/The Happy Fits - Mary.mp3
/home/batma/Music/For Elise.mp3
/home/batma/Music/Disco! In the Panic Room.mp3
/home/batma/Music/Ian Hawgood - Fractural.mp3
/home/batma/Music/Wild Child.mp3
/home/batma/Music/Bezos I.mp3
/home/batma/Music/Cesar Santalo, Audrey Mika - I'm Done Calling.mp3
/home/batma/Music/The Million - Somebody Better.mp3
/home/batma/Music/SRT.mp3
/home/batma/Music/Vansire - That I Miss You.mp3
/home/batma/Music/take your time - keep it lowkey.mp3
/home/batma/Music/m4x - Analog Fight.mp3
/home/batma/Music/here comes the sun.mp3
/home/batma/Music/The Dreadnoughts - Gavrilo.mp3
/home/batma/Music/LeGrand, Ethan Gander - DON'T WASTE MY TIME.mp3
/home/batma/Music/Cabinet Man.mp3
/home/batma/Music/Money Game, Pt. 2.mp3
/home/batma/Music/Portugal. The Man - Feel It Still.mp3
/home/batma/Music/Mickey Darling - Pity Party.mp3
/home/batma/Music/Oliver Tree - Life Goes On.mp3
/home/batma/Music/Call ACab.mp3
/home/batma/Music/Devil Town.mp3
/home/batma/Music/Paramore - Hard Times.mp3
/home/batma/Music/fight club.mp3
/home/batma/Music/Colin's Music - Trendsetter.mp3
/home/batma/Music/Owen Coleman - Sweet Paranoia.mp3
/home/batma/Music/austenyo - minialbum - 07 supercool.mp3
/home/batma/Music/My Every Breath.mp3
/home/batma/Music/Obsessed With You.mp3
/home/batma/Music/Saint Motel - Everyone’s A Guru Now.mp3
/home/batma/Music/austenyo - minialbum - 06 off-kilter.mp3
/home/batma/Music/The New Crowns - Someone Else's Problem.mp3
/home/batma/Music/DON'T SLIP.mp3
/home/batma/Music/Blueberry Eyes (feat. SUGA of BTS).mp3
/home/batma/Music/The First Step.mp3
/home/batma/Music/Tongues.mp3
/home/batma/Music/Friendly Neighborhood Poltergeist.mp3
/home/batma/Music/Apocalypse.mp3
/home/batma/Music/Arctic Monkeys - Fluorescent Adolescent.mp3
/home/batma/Music/Anything You Want.mp3
/home/batma/Music/Blue Öyster Cult - (Don't Fear) The Reaper.mp3
/home/batma/Music/The Yogscast - Moonquest - Christmas Lofi Version.mp3
/home/batma/Music/JAWNY - strawberry chainsaw.mp3
/home/batma/Music/I'll Have What She's Having.mp3
/home/batma/Music/Inexplicable.mp3
/home/batma/Music/Joli rouge.mp3
/home/batma/Music/Dead Ideas.mp3
/home/batma/Music/The Bidding.mp3
/home/batma/Music/Ferryman.mp3
/home/batma/Music/Paranoid (2016 remaster).mp3
/home/batma/Music/2econd 2ight 2eer (that was fun, goodbye.).mp3
/home/batma/Music/No Roots.mp3
/home/batma/Music/Let’s Go.mp3
/home/batma/Music/Show U Off.mp3
/home/batma/Music/Renegade.mp3
/home/batma/Music/A Like Supreme.mp3
/home/batma/Music/Creative Differences - So Beautiful.mp3
/home/batma/Music/Nena - 99 Luftballons.mp3
/home/batma/Music/austenyo - minialbum - 08 computer talk.mp3
/home/batma/Music/Gaffa Tape Sandy - Beehive.mp3
/home/batma/Music/Terrifyer.mp3
/home/batma/Music/Creative Differences - Pipe Dream.mp3
/home/batma/Music/myclownshoes - Temptation Is a Weapon.mp3
/home/batma/Music/Otto Knows, Klahr - Something For Nothing.mp3
/home/batma/Music/Fly Me to the Moon.mp3
/home/batma/Music/Shoe - Ketamine.mp3
/home/batma/Music/Noshows - No Games.mp3
/home/batma/Music/Faith Petric, Mark Ross - Ain't Done Nothing If You Ain't Been Called A Red - Live  1984.mp3
/home/batma/Music/Bob Marley & The Wailers - Three Little Birds.mp3
/home/batma/Music/Jefferson Clay - Kitchen Floor.mp3
/home/batma/Music/Do I Wanna Know_.mp3
/home/batma/Music/austenyo - minialbum - 03 backup generator.mp3
/home/batma/Music/Hold the Line.mp3
/home/batma/Music/Whip A Tesla.mp3
/home/batma/Music/Hypocritical.mp3
/home/batma/Music/Sleep While I Drive.mp3
/home/batma/Music/Cartoons.mp3
/home/batma/Music/Top Bunk - Karma.mp3
/home/batma/Music/Heartbreaker.mp3
/home/batma/Music/Payday - Big Boy.mp3
/home/batma/Music/Metric - Lost Kitten.mp3
/home/batma/Music/Danny and Alex - Man With A Minivan.mp3
/home/batma/Music/You’re an Ace, Kid.mp3
/home/batma/Music/Tommy Newport - Yellow Lines.mp3
/home/batma/Music/Linkin Park - In the End.mp3
/home/batma/Music/Bunny Clogs - Capybara.mp3
/home/batma/Music/What If I'm Hurt Again.mp3
/home/batma/Music/Shayfer James - Good Life.mp3
/home/batma/Music/Moxie - Blue Skies.mp3
/home/batma/Music/bbno$ - two.mp3
/home/batma/Music/Lay All Your Love On Me.mp3
/home/batma/Music/Hayloft II.mp3
/home/batma/Music/Drugs.mp3
/home/batma/Music/SKYLAR - Hair Tie.mp3
/home/batma/Music/Chug Jug With You, Joe Biden Edition.mp3
/home/batma/Music/summer depression.mp3
/home/batma/Music/Mindless Self Indulgence - What Do They Know.mp3
/home/batma/Music/YDE - BlindLife.mp3
/home/batma/Music/Emei - Late to the Party.mp3
/home/batma/Music/24 Hr Drive-Thru.mp3
/home/batma/Music/Jarv & Thief - Lady Killer.mp3
/home/batma/Music/The Wonderlands - Danced Herself to Death.mp3
/home/batma/Music/Puzzle Pieces.mp3
/home/batma/Music/CANCEL CULTURE, Masked Man, tiffi - STRANGER.mp3
/home/batma/Music/Kid Kapichi - Death Dips.mp3
/home/batma/Music/parachute.mp3
/home/batma/Music/Overload.mp3
/home/batma/Music/Iguana Death Cult - Nature Calls.mp3
/home/batma/Music/austenyo - True.mp3
/home/batma/Music/CHYLD, aryy - Cherry Tree.mp3
/home/batma/Music/Younger Hunger - Dead Inside.mp3
/home/batma/Music/Two Trucks.mp3
/home/batma/Music/Bruises.mp3
/home/batma/Music/Billy Joel - Pressure.mp3
/home/batma/Music/Hayloft.mp3
/home/batma/Music/The Montreals - Y2K.mp3
/home/batma/Music/Vertigo.mp3
/home/batma/Music/Cold Cold Man.mp3
/home/batma/Music/Speelburg - Headlights.mp3
/home/batma/Music/The Real Zebos - L + ratio + the real zebos fell off.mp3
/home/batma/Music/Monster Truck (Don't Touch My).mp3
/home/batma/Music/The Yogscast - Gay Activity - Christmas Lofi Version.mp3
/home/batma/Music/Carol Brown (FOTC Cover).mp3
/home/batma/Music/Sleep Is for the Weak.mp3
/home/batma/Music/The Boys Are Back In Town.mp3
/home/batma/Music/A Good Song Never Dies.mp3
/home/batma/Music/Welcome to the Internet.mp3
/home/batma/Music/Molina, Late Verlane - Hey Kids.mp3
/home/batma/Music/Bad Dream Baby.mp3
/home/batma/Music/Dan Luke and the Raid - Farrah Mantra.mp3
/home/batma/Music/The Devil Went Down to Georgia.mp3
/home/batma/Music/My Life.mp3
/home/batma/Music/Baby Hotline.mp3
/home/batma/Music/The Yogscast - Welcome to Yoglabs - Lofi Version.mp3
/home/batma/Music/Delirium Tremendous.mp3
/home/batma/Music/Soupy Garbage Juice - Why Am I in This Room.mp3
/home/batma/Music/Back in Black.mp3
/home/batma/Music/bbno$ - antidepressants.mp3
/home/batma/Music/Space Ghost Coast to Coast.mp3
/home/batma/Music/Touch-Tone Telephone.mp3
/home/batma/Music/Crash My Car.mp3
/home/batma/Music/Ballpoint - 1AM OMW.mp3
/home/batma/Music/O Green World.mp3
/home/batma/Music/Electric Feel.mp3
/home/batma/Music/Supernova Shakedown.mp3
/home/batma/Music/Sex With a Ghost.mp3
/home/batma/Music/austenyo - extended playtime - 04 coffee.mp3
/home/batma/Music/Panic! At The Disco - King of the Clouds.mp3
/home/batma/Music/The Golf Club - Shapeshifting.mp3
/home/batma/Music/Mickey Darling - VROOM VROOM.mp3
/home/batma/Music/Greek Tragedy (Oliver Nelson Tiktok remix).mp3
/home/batma/Music/30% Off!.mp3
/home/batma/Music/The 88, The Lorax Singers - Biggering - Original Demo.mp3
/home/batma/Music/Action Winter Journey.mp3
/home/batma/Music/Denny - Strange Fits.mp3
/home/batma/Music/Money.mp3
/home/batma/Music/Tell Me Your Name Again.mp3
/home/batma/Music/Coyote Kid - Destroyer of Worlds.mp3
/home/batma/Music/Business Man.mp3
/home/batma/Music/CAKE - The Distance.mp3
/home/batma/Music/Reptilia.mp3
/home/batma/Music/Survival.mp3
/home/batma/Music/Heat Waves.mp3
/home/batma/Music/Arctic Monkeys - Snap Out Of It.mp3
/home/batma/Music/Oliver Tree - Alien Boy.mp3
/home/batma/Music/Mari-Mac.mp3
/home/batma/Music/bbno$, Rich Brian - edamame.mp3
/home/batma/Music/Teenagers.mp3
/home/batma/Music/Just The Two Of Us.mp3
/home/batma/Music/Crying in Public.mp3
/home/batma/Music/PHANTASM.mp3
/home/batma/Music/Sedona.mp3
/home/batma/Music/Younger Hunger - Straight Face.mp3
/home/batma/Music/Tally Hall - Misery Fell.mp3
/home/batma/Music/Time to Pretend.mp3
/home/batma/Music/Melodicka Bros - Virtual Insanity (Cyberpunk).mp3
/home/batma/Music/JACK THE STRIPPER, Byrds - Forensic Files.mp3
/home/batma/Music/HIMALAYAS - Thank God I'm Not You.mp3
/home/batma/Music/The Rolling Stones - Sympathy For The Devil - 50th Anniversary Edition.mp3
/home/batma/Music/Swimm - Man's Man.mp3
/home/batma/Music/ALASKALASKA - Tough Love.mp3
/home/batma/Music/I Belong in Your Arms.mp3
/home/batma/Music/Gorillaz, Neneh Cherry - Kids with Guns.mp3
/home/batma/Music/Infinitely Ordinary.mp3
/home/batma/Music/Adrift - Elegance.mp3
/home/batma/Music/Hairu Tokyo, Landon Ori - White Wine Red Lies.mp3
/home/batma/Music/Nirvana - Smells Like Teen Spirit.mp3
/home/batma/Music/A Mask of My Own Face.mp3
/home/batma/Music/The Rolling Stones - Paint It, Black.mp3
/home/batma/Music/Front Street (2020 Remastered Version).mp3
/home/batma/Music/Lando Burch - Heartbeat.mp3
/home/batma/Music/The Last Bristolian Pirate.mp3
/home/batma/Music/Conan Gray - Bourgeoisieses.mp3
/home/batma/Music/austenyo - extended playtime - 02 in my mind.mp3
/home/batma/Music/austenyo - minialbum - 02 daytoday.mp3
/home/batma/Music/ROMES - Chillthefuckout..mp3
/home/batma/Music/legroom.mp3
/home/batma/Music/Vaush Rad.mp3
/home/batma/Music/Rare Americans - Hullabaloo.mp3
/home/batma/Music/The Four Seasons, Violin Concerto no. 4 in F minor, RV 297 “Winter”_ I. Allegro non molto.mp3
/home/batma/Music/AJR - The Entertainment's Here.mp3
/home/batma/Music/The Dead South - In Hell I'll Be in Good Company.mp3
/home/batma/Music/Lyre Le Temps - Brokopoly.mp3
/home/batma/Music/Lose Yourself.mp3
/home/batma/Music/austenyo - extended playtime - 03 piano.mp3
/home/batma/Music/Tilly Louise - Join the Club.mp3
/home/batma/Music/The Crane Wives - Curses.mp3
/home/batma/Music/The Cruel Wars.mp3
/home/batma/Music/Big Shot.mp3
/home/batma/Music/Gooseworx - Starlane Stroll.mp3
/home/batma/Music/Mollylele - Pantsuit Sasquatch.mp3
/home/batma/Music/Warm Regards.mp3
/home/batma/Music/Seven Nation Army.mp3
/home/batma/Music/Super Cassette - Be Gay, Do Drugs, Hail Satan.mp3
/home/batma/Music/Brittle Bones Nicky.mp3
/home/batma/Music/Supalonely.mp3
/home/batma/Music/Fear & Delight.mp3
/home/batma/Music/POM - Down The Rabbit Hole.mp3
/home/batma/Music/Value Select - The Richest Man in the World.mp3
/home/batma/Music/The Crystal Casino Band - Twenty-something Socialist.mp3
/home/batma/Music/Rät.mp3
/home/batma/Music/Charlie's Inferno.mp3
/home/batma/Music/Read Between the Lines.mp3
/home/batma/Music/Pink Panther.mp3
/home/batma/Music/austenyo - ketchup.mp3
/home/batma/Music/Out Of Style.mp3
/home/batma/Music/femtanyl, ISSBROKIE - NASTYWERKKKK!.mp3
/home/batma/Music/Amanaemonesia.mp3
/home/batma/Music/Circadian Clock, Baethoven - Summer.mp3
/home/batma/Music/I _ Me _ Myself.mp3
/home/batma/Music/austenyo - minialbum - 01 commercial.mp3
/home/batma/Music/The Dreadnoughts - Pique La Baleine.mp3
/home/batma/Music/Them Fantasies - Spoiled af..mp3
/home/batma/Music/Jordyn Edmonds - Rough.mp3
/home/batma/Music/Blur - Song 2 - 2012 Remaster.mp3
/home/batma/Music/Moon Hooch - Nostrovia.mp3
/home/batma/Music/Will Wood - The Main Character.mp3
/home/batma/Music/Everyone’s Dying (Grandma’s Drunk Again).mp3
/home/batma/Music/Radio Silent.mp3
/home/batma/Music/Yung Gravy, bbno$, Rich Brian - C’est La Vie (with bbno$ & Rich Brian).mp3
/home/batma/Music/Metallica - Enter Sandman (Remastered).mp3
/home/batma/Music/People I Don’t Like.mp3
/home/batma/Music/Ode to the Mets.mp3
/home/batma/Music/Left Hand.mp3
/home/batma/Music/The Chills.mp3
/home/batma/Music/Little Dark Age.mp3
/home/batma/Music/Lavender.mp3
/home/batma/Music/The Happy Fits - Heart of a Dancer.mp3
/home/batma/Music/NO LOVE.mp3
/home/batma/Music/The Yogscast - Diggy Diggy Hole - Christmas Lofi Version.mp3
/home/batma/Music/The Title Track.mp3
/home/batma/Music/Bill Wurtz - More Than A Dream.mp3
/home/batma/Music/Conan Gray - Maniac.mp3
/home/batma/Music/Jazz Emu - Light Touch.mp3
/home/batma/Music/Why'd You Only Call Me When You're High.mp3
/home/batma/Music/Marsha, Thankk You for the Dialectics, but I Need You to Leave..mp3
/home/batma/Music/Yabadum - All the Funds.mp3
/home/batma/Music/Pork Soda.mp3
/home/batma/Music/Mythical Guitar.mp3
/home/batma/Music/Rasti - Bored.mp3
/home/batma/Music/Solidarity Forever.mp3
/home/batma/Music/Redlight.mp3
/home/batma/Music/Des Rocs - Wayne.mp3
/home/batma/Music/Ego Death.mp3
/home/batma/Music/Louie Zong, Brian David Gilbert - Talking Small.mp3
/home/batma/Music/Laplace's Angel (Hurt People_ Hurt People!).mp3
/home/batma/Music/Santiana.mp3
/home/batma/Music/Magic City Hippies - Indiana.mp3
/home/batma/Music/Pelicans We.mp3
/home/batma/Music/The Real Zebos - Puttin' On the Ritz.mp3
/home/batma/Music/The Happy Fits - She Wants Me (To Be Loved).mp3
/home/batma/Music/Gorillaz - Fire Coming out of the Monkey's Head.mp3
/home/batma/Music/Thermodynamic Lawyer, Esq, G.F.D. (2020 Remastered Version).mp3
/home/batma/Music/Me and Michael.mp3
/home/batma/Music/BarbWalters - R&B.mp3
/home/batma/Music/Royal Republic - Flower Power Madness.mp3
/home/batma/Music/The Happy Fits - Dance Alone.mp3
/home/batma/Music/Cleanin' Out My Closet.mp3
/home/batma/Music/The Fratellis - Henrietta.mp3
/home/batma/Music/Soda Pop Rock.mp3
/home/batma/Music/Colter Wall - The Devil Wears a Suit and Tie.mp3
/home/batma/Music/Bleach - Elizabeth.mp3
/home/batma/Music/Redesign Your Logo.mp3
/home/batma/Music/The First Step - Live.mp3
/home/batma/Music/The Amiens Polka.mp3
/home/batma/Music/Pleasantries - Drink To Me.mp3
/home/batma/Music/Molly Sells Molly By The Seashore.mp3
/home/batma/Music/It's Alright.mp3
/home/batma/Music/Birthday Suit.mp3
/home/batma/Music/still feel..mp3
/home/batma/Music/Arms Tonite.mp3
/home/batma/Music/Make You Make Believe.mp3
/home/batma/Music/Foster The People - Pumped Up Kicks.mp3
/home/batma/Music/Mötley Crüe - Kickstart My Heart.mp3
/home/batma/Music/The Nude Party - Ride On.mp3
/home/batma/Music/Intuition.mp3
/home/batma/Music/The Neighbourhood - Daddy Issues.mp3
/home/batma/Music/reptilelegit, Wes Calliope - summers ours.mp3
/home/batma/Music/9 to 5.mp3
/home/batma/Music/My Type.mp3
/home/batma/Music/Animal.mp3
/home/batma/Music/Caro - Closet Lunatic.mp3
/home/batma/Music/Mark Ronson, Bruno Mars - Uptown Funk (feat. Bruno Mars).mp3
/home/batma/Music/Black Box Warrior - OKULTRA.mp3
/home/batma/Music/austenyo - Prosper.mp3
/home/batma/Music/First in Flight - It's Cool.mp3
/home/batma/Music/Gaffa Tape Sandy - Kill the Chord.mp3
/home/batma/Music/The Real Slim Shady.mp3
/home/batma/Music/Pale Machine.mp3
/home/batma/Music/Expert.mp3
/home/batma/Music/Memento Mori_ the most important thing in the world.mp3
/home/batma/Music/Dr. Sunshine Lives! - Live.mp3
/home/batma/Music/Dead Kennedys - Police Truck.mp3
/home/batma/Music/Jamiroquai - Virtual Insanity - Remastered 2006.mp3
/home/batma/Music/the booyah! kids - idwtgtbt.mp3
/home/batma/Music/PERMISSION.mp3
/home/batma/Music/Smitten.mp3
/home/batma/Music/Wet.mp3
/home/batma/Music/Damn the Witch Siren - Boys Don't Cry.mp3
/home/batma/Music/Grey Dugan - Plant-Sitting This Weekend.mp3
/home/batma/Music/Samsa - Haunt Me.mp3
/home/batma/Music/Almost Vinyl - The Dumbfuck From Bumblefuck Nowhere.mp3
/home/batma/Music/Scott Helman - Sweet Tooth.mp3
/home/batma/Music/austenyo - extended playtime - 01 personova.mp3
/home/batma/Music/austenyo - minialbum - 04 play.mp3
/home/batma/Music/Aim Vision - Have You Seen The Moon Tonight.mp3
/home/batma/Music/Feel Good Inc..mp3
/home/batma/Music/VIAL - Piss Punk.mp3
/home/batma/Music/daysormay - Just Existing.mp3
/home/batma/Music/Which Side Are You On.mp3
/home/batma/Music/Stop the World I Wanna Get Off With You.mp3
/home/batma/Music/Cage The Elephant - Ain't No Rest for the Wicked.mp3
/home/batma/Music/Brooklyn Bridge to Chorus.mp3
/home/batma/Music/Alvvays - Very Online Guy.mp3
/home/batma/Music/Arizona.mp3
/home/batma/Music/Rain on My Fire.mp3
/home/batma/Music/Noshows, AUGY - Danger.mp3
/home/batma/Music/Hollow Ship - Magic Mountain.mp3
/home/batma/Music/Why Am I Anxious.mp3
/home/batma/Music/Amber Island.mp3
/home/batma/Music/Figure It Out.mp3
/home/batma/Music/Can’t Stop.mp3
/home/batma/Music/Lovejoy - Portrait of a Blank Slate.mp3
/home/batma/Music/Drift Away.mp3
/home/batma/Music/After Dark.mp3
/home/batma/Music/Big Fun - Rubberband.mp3
/home/batma/Music/The Chemical Worker's Song (Process Man).mp3
/home/batma/Music/If You like it or Not.mp3
/home/batma/Music/Paddy Lay Back.mp3
/home/batma/Music/The Plastic Cherries - Lovers On The Run.mp3
/home/batma/Music/What You Know.mp3
/home/batma/Music/Without Me.mp3
/home/batma/Music/Outliars and Hyppocrates_ a fun fact about apples.mp3
/home/batma/Music/Puppet Loosely Strung.mp3
/home/batma/Music/Never Gonna Give You Up.mp3
/home/batma/Music/SKYFURY - A Cup Of Liber-tea (Helldivers 2 Main Theme).mp3
/home/batma/Music/Sweet Talk.mp3
/home/batma/Music/Love, Me Normally.mp3
/home/batma/Music/Rock Star Skinny.mp3
/home/batma/Music/Follies & Vices - Bang Bang.mp3
/home/batma/Music/Opal Ocean - Mr. Stoker.mp3
/home/batma/Music/The Yogscast - Moonquest - Lofi Version.mp3
/home/batma/Music/SAMURAI, Refused - Never Fade Away.mp3
/home/batma/Music/Mamma Mia.mp3
/home/batma/Music/Has Anybody Seen My Will To Live_.mp3
/home/batma/Music/moondoggy - It Gets Easier.mp3
/home/batma/Music/Frank Sinatra - My Way - 2008 Remastered.mp3
/home/batma/Music/Suburbia Overture_ Greetings from Mary Bell Township! _ (Vampire) Culture _ Love Me, Normally.mp3
/home/batma/Music/Poor Man's Poison - C'mon Down.mp3
/home/batma/Music/Sunsets.mp3
/home/batma/Music/Look Who’s Inside Again.mp3
/home/batma/Music/Jreg - Print Money.mp3
/home/batma/Music/Sonya Belousova, Giona Ostinelli, Joey Batey - Toss A Coin To Your Witcher.mp3
/home/batma/Music/You Spin Me Round (Like a Record).mp3
/home/batma/Music/austenyo - minialbum - 05 height.mp3
/home/batma/Music/Turbowolf, Mike Kerr - Domino.mp3
/home/batma/Music/Time.mp3
/home/batma/Music/Bohemian Rhapsody.mp3
/home/batma/Music/Panic.mp3
/home/batma/Music/That's Matt - PRESSURE PLAY!.mp3
/home/batma/Music/Sharp Dressed Man.mp3
/home/batma/Music/To You, From Me.mp3
/home/batma/Music/Big Breakfast.mp3
/home/batma/Music/Absurd.mp3
/home/batma/Music/Drive45 - Artificial Sweetener.mp3
/home/batma/Music/The Adults Are Talking.mp3
/home/batma/Music/Panicland - The Edge.mp3
/home/batma/Music/Pretoria - Expert.mp3
/home/batma/Music/Face to Face.mp3
/home/batma/Music/Mando Diao - Dance with Somebody - Radio Version.mp3
/home/batma/Music/Wellerman.mp3
/home/batma/Music/Honeypie.mp3
/home/batma/Music/Shut Me Up.mp3
/home/batma/Music/Leave Her Johnny.mp3
/home/batma/Music/Razzmatazz.mp3
/home/batma/Music/Strange Case - 27 Club.mp3
/home/batma/Music/The Million - D.M.S.mp3
/home/batma/Music/ice cold..mp3
/home/batma/Music/The Fratellis - Creepin Up The Backstairs.mp3
/home/batma/Music/When You Die.mp3
/home/batma/Music/The Cult of Dionysus.mp3
/home/batma/Music/Cheap Trick - Surrender.mp3
/home/batma/Music/Immigrant Song.mp3
/home/batma/Music/The Yogscast - All Rise for Datlof - Lofi Version.mp3
/home/batma/Music/maxin, mothgarden, Mia Simone - melody.mp3
/home/batma/Music/Normal People Things.mp3
/home/batma/Music/Pretoria - Roller Derby.mp3
/home/batma/Music/bbno$ - it boy.mp3
/home/batma/Music/Mixed Messages.mp3
/home/batma/Music/Go to Sleep Kimberly.mp3
/home/batma/Music/I Think We’re Alone Now (single version).mp3
/home/batma/Music/Somebody Told Me.mp3
/home/batma/Music/Tardigrade Song.mp3
/home/batma/Music/Geno Samuel - Stereo Love.mp3
/home/batma/Music/The Longest Johns - Moby Duck.mp3
/home/batma/Music/Misery Meat.mp3
/home/batma/Music/Ninja Sex Party - In Your Eyes.mp3
/home/batma/Music/Mcbaise - She's A Big Boy.mp3
/home/batma/Music/Kill Your Radio.mp3
/home/batma/Music/3's.mp3
/home/batma/Music/Wolfgang Amadeus Mozart - Lacrimosa.mp3
/home/batma/Music/20 Minutes Til Sunrise, Luka Ferraro, George Olivier - Carpet Burn!.mp3
/home/batma/Music/Cosmo Sheldrake - The Moss.mp3
/home/batma/Music/Ibrahim - Sisyphus II.mp3
/home/batma/Music/The Yogscast - Rich Girl - Big Girl Lofi Version.mp3
/home/batma/Music/Supermassive Black Hole.mp3
/home/batma/Music/Freaking Out.mp3
/home/batma/Music/Verbatim.mp3
/home/batma/Music/Message Man.mp3
/home/batma/Music/Everything Machine.mp3
/home/batma/Music/Twen - Bore U.mp3
/home/batma/Music/Terrible Things.mp3
/home/batma/Music/Royal Blood - Oblivion.mp3
/home/batma/Music/Buck Raines - Annie's Got A New Car.mp3
/home/batma/Music/Blackhole Blitz.mp3
/home/batma/Music/bbno$ - i remember.mp3
/home/batma/Music/The Offspring - You're Gonna Go Far, Kid.mp3
/home/batma/Music/BLIB, Brian David Gilbert, Louie Zong, Worthikids - Silent Love.mp3
/home/batma/Music/Lynyrd Skynyrd - Simple Man.mp3
/home/batma/Music/Plastic Beach.mp3
/home/batma/Music/Dancing Queen.mp3
/home/batma/Music/Brian David Gilbert - i wish that i could wear hats.mp3
/home/batma/Music/cough drops.mp3
/home/batma/Music/Poor Michael.mp3
/home/batma/Music/Gimme! Gimme! Gimme! (A Man After Midnight).mp3
/home/batma/Music/Dream Nails - Vagina Police.mp3
/home/batma/Music/Rose Avenue - spaceship.mp3
/home/batma/Music/Sean Altman - Know Me.mp3
/home/batma/Music/Stan.mp3
/home/batma/Music/My Name Is.mp3
/home/batma/Music/Black Coffee.mp3
/home/batma/Music/Creative Differences - Breathaway.mp3
/home/batma/Music/ALEXSUCKS - Can We Forget.mp3
/home/batma/Music/Malibu '92 - Are We Moving Too Fast.mp3
/home/batma/Music/The Other Side of Paradise.mp3
/home/batma/Music/The Orphan The Poet - Carolina Reaper.mp3
/home/batma/Music/Chairlift - Polymorphing.mp3
/home/batma/Music/KISS - Detroit Rock City.mp3
/home/batma/Music/Get Lucky (radio edit).mp3
/home/batma/Music/Betty (Get Money).mp3
/home/batma/Music/Assassin.mp3
/home/batma/Music/EMEFE - Sun Spat.mp3
/home/batma/Music/The Presidents Of The United States Of America - Kick Out the Jams.mp3
/home/batma/Music/Will Wood and the Tapeworms - Hand Me My Shovel, I'm Going In!.mp3
